The target system is: Generic -  - avr
The host system is: Linux - 4.4.33-1-MANJARO - x86_64
Compiling the C compiler identification source file "CMakeCCompilerId.c" succeeded.
Compiler: /usr/bin/avr-gcc 
Build flags: 
Id flags: 

The output was:
0


Compilation of the C compiler identification source "CMakeCCompilerId.c" produced "a.out"

The C compiler identification is GNU, found in "/home/ben/Programming/porthos-motor-control/bld/CMakeFiles/3.6.3/CompilerIdC/a.out"

Compiling the CXX compiler identification source file "CMakeCXXCompilerId.cpp" succeeded.
Compiler: /usr/bin/avr-g++ 
Build flags: 
Id flags: 

The output was:
0


Compilation of the CXX compiler identification source "CMakeCXXCompilerId.cpp" produced "a.out"

The CXX compiler identification is GNU, found in "/home/ben/Programming/porthos-motor-control/bld/CMakeFiles/3.6.3/CompilerIdCXX/a.out"

Determining if the C compiler works passed with the following output:
Change Dir: /home/ben/Programming/porthos-motor-control/bld/CMakeFiles/CMakeTmp

Run Build Command:"/usr/bin/make" "cmTC_d3c9b/fast"
/usr/bin/make -f CMakeFiles/cmTC_d3c9b.dir/build.make CMakeFiles/cmTC_d3c9b.dir/build
make[1]: Entering directory '/home/ben/Programming/porthos-motor-control/bld/CMakeFiles/CMakeTmp'
Building C object CMakeFiles/cmTC_d3c9b.dir/testCCompiler.c.obj
/usr/bin/avr-gcc     -o CMakeFiles/cmTC_d3c9b.dir/testCCompiler.c.obj   -c /home/ben/Programming/porthos-motor-control/bld/CMakeFiles/CMakeTmp/testCCompiler.c
Linking C executable cmTC_d3c9b
/usr/bin/cmake -E cmake_link_script CMakeFiles/cmTC_d3c9b.dir/link.txt --verbose=1
/usr/bin/avr-gcc       CMakeFiles/cmTC_d3c9b.dir/testCCompiler.c.obj  -o cmTC_d3c9b 
make[1]: Leaving directory '/home/ben/Programming/porthos-motor-control/bld/CMakeFiles/CMakeTmp'


Detecting C compiler ABI info compiled with the following output:
Change Dir: /home/ben/Programming/porthos-motor-control/bld/CMakeFiles/CMakeTmp

Run Build Command:"/usr/bin/make" "cmTC_a5950/fast"
/usr/bin/make -f CMakeFiles/cmTC_a5950.dir/build.make CMakeFiles/cmTC_a5950.dir/build
make[1]: Entering directory '/home/ben/Programming/porthos-motor-control/bld/CMakeFiles/CMakeTmp'
Building C object CMakeFiles/cmTC_a5950.dir/CMakeCCompilerABI.c.obj
/usr/bin/avr-gcc     -o CMakeFiles/cmTC_a5950.dir/CMakeCCompilerABI.c.obj   -c /usr/share/cmake-3.6/Modules/CMakeCCompilerABI.c
Linking C executable cmTC_a5950
/usr/bin/cmake -E cmake_link_script CMakeFiles/cmTC_a5950.dir/link.txt --verbose=1
/usr/bin/avr-gcc      -v CMakeFiles/cmTC_a5950.dir/CMakeCCompilerABI.c.obj  -o cmTC_a5950  
Using built-in specs.
Reading specs from /usr/lib/gcc/avr/6.2.0/device-specs/specs-avr2
COLLECT_GCC=/usr/bin/avr-gcc
COLLECT_LTO_WRAPPER=/usr/lib/gcc/avr/6.2.0/lto-wrapper
Target: avr
Configured with: /build/avr-gcc/src/gcc-6-20160929/configure --disable-install-libiberty --disable-libssp --disable-libstdcxx-pch --disable-libunwind-exceptions --disable-linker-build-id --disable-nls --disable-werror --disable-__cxa_atexit --enable-checking=release --enable-clocale=gnu --enable-gnu-unique-object --enable-gold --enable-languages=c,c++ --enable-ld=default --enable-lto --enable-plugin --enable-shared --infodir=/usr/share/info --libdir=/usr/lib --libexecdir=/usr/lib --mandir=/usr/share/man --prefix=/usr --target=avr --with-as=/usr/bin/avr-as --with-gnu-as --with-gnu-ld --with-ld=/usr/bin/avr-ld --with-plugin-ld=ld.gold --with-system-zlib --with-isl --enable-gnu-indirect-function
Thread model: single
gcc version 6.2.0 (GCC) 
COMPILER_PATH=/usr/lib/gcc/avr/6.2.0/:/usr/lib/gcc/avr/6.2.0/:/usr/lib/gcc/avr/:/usr/lib/gcc/avr/6.2.0/:/usr/lib/gcc/avr/
LIBRARY_PATH=/usr/lib/gcc/avr/6.2.0/:/usr/lib/gcc/avr/6.2.0/../../../../avr/lib/
COLLECT_GCC_OPTIONS='-v' '-o' 'cmTC_a5950' '-specs=device-specs/specs-avr2'
 /usr/lib/gcc/avr/6.2.0/collect2 -plugin /usr/lib/gcc/avr/6.2.0/liblto_plugin.so -plugin-opt=/usr/lib/gcc/avr/6.2.0/lto-wrapper -plugin-opt=-fresolution=/tmp/ccDSzRig.res -plugin-opt=-pass-through=-lgcc -plugin-opt=-pass-through=-lm -plugin-opt=-pass-through=-lc -o cmTC_a5950 -L/usr/lib/gcc/avr/6.2.0 -L/usr/lib/gcc/avr/6.2.0/../../../../avr/lib CMakeFiles/cmTC_a5950.dir/CMakeCCompilerABI.c.obj --start-group -lgcc -lm -lc --end-group
COLLECT_GCC_OPTIONS='-v' '-o' 'cmTC_a5950' '-specs=device-specs/specs-avr2'
make[1]: Leaving directory '/home/ben/Programming/porthos-motor-control/bld/CMakeFiles/CMakeTmp'


Parsed C implicit link information from above output:
  link line regex: [^( *|.*[/\])(avr-ld|([^/\]+-)?ld|collect2)[^/\]*( |$)]
  ignore line: [Change Dir: /home/ben/Programming/porthos-motor-control/bld/CMakeFiles/CMakeTmp]
  ignore line: []
  ignore line: [Run Build Command:"/usr/bin/make" "cmTC_a5950/fast"]
  ignore line: [/usr/bin/make -f CMakeFiles/cmTC_a5950.dir/build.make CMakeFiles/cmTC_a5950.dir/build]
  ignore line: [make[1]: Entering directory '/home/ben/Programming/porthos-motor-control/bld/CMakeFiles/CMakeTmp']
  ignore line: [Building C object CMakeFiles/cmTC_a5950.dir/CMakeCCompilerABI.c.obj]
  ignore line: [/usr/bin/avr-gcc     -o CMakeFiles/cmTC_a5950.dir/CMakeCCompilerABI.c.obj   -c /usr/share/cmake-3.6/Modules/CMakeCCompilerABI.c]
  ignore line: [Linking C executable cmTC_a5950]
  ignore line: [/usr/bin/cmake -E cmake_link_script CMakeFiles/cmTC_a5950.dir/link.txt --verbose=1]
  ignore line: [/usr/bin/avr-gcc      -v CMakeFiles/cmTC_a5950.dir/CMakeCCompilerABI.c.obj  -o cmTC_a5950  ]
  ignore line: [Using built-in specs.]
  ignore line: [Reading specs from /usr/lib/gcc/avr/6.2.0/device-specs/specs-avr2]
  ignore line: [COLLECT_GCC=/usr/bin/avr-gcc]
  ignore line: [COLLECT_LTO_WRAPPER=/usr/lib/gcc/avr/6.2.0/lto-wrapper]
  ignore line: [Target: avr]
  ignore line: [Configured with: /build/avr-gcc/src/gcc-6-20160929/configure --disable-install-libiberty --disable-libssp --disable-libstdcxx-pch --disable-libunwind-exceptions --disable-linker-build-id --disable-nls --disable-werror --disable-__cxa_atexit --enable-checking=release --enable-clocale=gnu --enable-gnu-unique-object --enable-gold --enable-languages=c,c++ --enable-ld=default --enable-lto --enable-plugin --enable-shared --infodir=/usr/share/info --libdir=/usr/lib --libexecdir=/usr/lib --mandir=/usr/share/man --prefix=/usr --target=avr --with-as=/usr/bin/avr-as --with-gnu-as --with-gnu-ld --with-ld=/usr/bin/avr-ld --with-plugin-ld=ld.gold --with-system-zlib --with-isl --enable-gnu-indirect-function]
  ignore line: [Thread model: single]
  ignore line: [gcc version 6.2.0 (GCC) ]
  ignore line: [COMPILER_PATH=/usr/lib/gcc/avr/6.2.0/:/usr/lib/gcc/avr/6.2.0/:/usr/lib/gcc/avr/:/usr/lib/gcc/avr/6.2.0/:/usr/lib/gcc/avr/]
  ignore line: [LIBRARY_PATH=/usr/lib/gcc/avr/6.2.0/:/usr/lib/gcc/avr/6.2.0/../../../../avr/lib/]
  ignore line: [COLLECT_GCC_OPTIONS='-v' '-o' 'cmTC_a5950' '-specs=device-specs/specs-avr2']
  link line: [ /usr/lib/gcc/avr/6.2.0/collect2 -plugin /usr/lib/gcc/avr/6.2.0/liblto_plugin.so -plugin-opt=/usr/lib/gcc/avr/6.2.0/lto-wrapper -plugin-opt=-fresolution=/tmp/ccDSzRig.res -plugin-opt=-pass-through=-lgcc -plugin-opt=-pass-through=-lm -plugin-opt=-pass-through=-lc -o cmTC_a5950 -L/usr/lib/gcc/avr/6.2.0 -L/usr/lib/gcc/avr/6.2.0/../../../../avr/lib CMakeFiles/cmTC_a5950.dir/CMakeCCompilerABI.c.obj --start-group -lgcc -lm -lc --end-group]
    arg [/usr/lib/gcc/avr/6.2.0/collect2] ==> ignore
    arg [-plugin] ==> ignore
    arg [/usr/lib/gcc/avr/6.2.0/liblto_plugin.so] ==> ignore
    arg [-plugin-opt=/usr/lib/gcc/avr/6.2.0/lto-wrapper] ==> ignore
    arg [-plugin-opt=-fresolution=/tmp/ccDSzRig.res] ==> ignore
    arg [-plugin-opt=-pass-through=-lgcc] ==> ignore
    arg [-plugin-opt=-pass-through=-lm] ==> ignore
    arg [-plugin-opt=-pass-through=-lc] ==> ignore
    arg [-o] ==> ignore
    arg [cmTC_a5950] ==> ignore
    arg [-L/usr/lib/gcc/avr/6.2.0] ==> dir [/usr/lib/gcc/avr/6.2.0]
    arg [-L/usr/lib/gcc/avr/6.2.0/../../../../avr/lib] ==> dir [/usr/lib/gcc/avr/6.2.0/../../../../avr/lib]
    arg [CMakeFiles/cmTC_a5950.dir/CMakeCCompilerABI.c.obj] ==> ignore
    arg [--start-group] ==> ignore
    arg [-lgcc] ==> lib [gcc]
    arg [-lm] ==> lib [m]
    arg [-lc] ==> lib [c]
    arg [--end-group] ==> ignore
  remove lib [gcc]
  collapse library dir [/usr/lib/gcc/avr/6.2.0] ==> [/usr/lib/gcc/avr/6.2.0]
  collapse library dir [/usr/lib/gcc/avr/6.2.0/../../../../avr/lib] ==> [/usr/avr/lib]
  implicit libs: [m;c]
  implicit dirs: [/usr/lib/gcc/avr/6.2.0;/usr/avr/lib]
  implicit fwks: []




Detecting C [-std=c11] compiler features compiled with the following output:
Change Dir: /home/ben/Programming/porthos-motor-control/bld/CMakeFiles/CMakeTmp

Run Build Command:"/usr/bin/make" "cmTC_89297/fast"
/usr/bin/make -f CMakeFiles/cmTC_89297.dir/build.make CMakeFiles/cmTC_89297.dir/build
make[1]: Entering directory '/home/ben/Programming/porthos-motor-control/bld/CMakeFiles/CMakeTmp'
Building C object CMakeFiles/cmTC_89297.dir/feature_tests.c.obj
/usr/bin/avr-gcc    -std=c11 -o CMakeFiles/cmTC_89297.dir/feature_tests.c.obj   -c /home/ben/Programming/porthos-motor-control/bld/CMakeFiles/feature_tests.c
Linking C executable cmTC_89297
/usr/bin/cmake -E cmake_link_script CMakeFiles/cmTC_89297.dir/link.txt --verbose=1
/usr/bin/avr-gcc       CMakeFiles/cmTC_89297.dir/feature_tests.c.obj  -o cmTC_89297 
make[1]: Leaving directory '/home/ben/Programming/porthos-motor-control/bld/CMakeFiles/CMakeTmp'


    Feature record: C_FEATURE:1c_function_prototypes
    Feature record: C_FEATURE:1c_restrict
    Feature record: C_FEATURE:1c_static_assert
    Feature record: C_FEATURE:1c_variadic_macros


Detecting C [-std=c99] compiler features compiled with the following output:
Change Dir: /home/ben/Programming/porthos-motor-control/bld/CMakeFiles/CMakeTmp

Run Build Command:"/usr/bin/make" "cmTC_1c8f6/fast"
/usr/bin/make -f CMakeFiles/cmTC_1c8f6.dir/build.make CMakeFiles/cmTC_1c8f6.dir/build
make[1]: Entering directory '/home/ben/Programming/porthos-motor-control/bld/CMakeFiles/CMakeTmp'
Building C object CMakeFiles/cmTC_1c8f6.dir/feature_tests.c.obj
/usr/bin/avr-gcc    -std=c99 -o CMakeFiles/cmTC_1c8f6.dir/feature_tests.c.obj   -c /home/ben/Programming/porthos-motor-control/bld/CMakeFiles/feature_tests.c
Linking C executable cmTC_1c8f6
/usr/bin/cmake -E cmake_link_script CMakeFiles/cmTC_1c8f6.dir/link.txt --verbose=1
/usr/bin/avr-gcc       CMakeFiles/cmTC_1c8f6.dir/feature_tests.c.obj  -o cmTC_1c8f6 
make[1]: Leaving directory '/home/ben/Programming/porthos-motor-control/bld/CMakeFiles/CMakeTmp'


    Feature record: C_FEATURE:1c_function_prototypes
    Feature record: C_FEATURE:1c_restrict
    Feature record: C_FEATURE:0c_static_assert
    Feature record: C_FEATURE:1c_variadic_macros


Detecting C [-std=c90] compiler features compiled with the following output:
Change Dir: /home/ben/Programming/porthos-motor-control/bld/CMakeFiles/CMakeTmp

Run Build Command:"/usr/bin/make" "cmTC_7531c/fast"
/usr/bin/make -f CMakeFiles/cmTC_7531c.dir/build.make CMakeFiles/cmTC_7531c.dir/build
make[1]: Entering directory '/home/ben/Programming/porthos-motor-control/bld/CMakeFiles/CMakeTmp'
Building C object CMakeFiles/cmTC_7531c.dir/feature_tests.c.obj
/usr/bin/avr-gcc    -std=c90 -o CMakeFiles/cmTC_7531c.dir/feature_tests.c.obj   -c /home/ben/Programming/porthos-motor-control/bld/CMakeFiles/feature_tests.c
Linking C executable cmTC_7531c
/usr/bin/cmake -E cmake_link_script CMakeFiles/cmTC_7531c.dir/link.txt --verbose=1
/usr/bin/avr-gcc       CMakeFiles/cmTC_7531c.dir/feature_tests.c.obj  -o cmTC_7531c 
make[1]: Leaving directory '/home/ben/Programming/porthos-motor-control/bld/CMakeFiles/CMakeTmp'


    Feature record: C_FEATURE:1c_function_prototypes
    Feature record: C_FEATURE:0c_restrict
    Feature record: C_FEATURE:0c_static_assert
    Feature record: C_FEATURE:0c_variadic_macros
Determining if the CXX compiler works passed with the following output:
Change Dir: /home/ben/Programming/porthos-motor-control/bld/CMakeFiles/CMakeTmp

Run Build Command:"/usr/bin/make" "cmTC_8fef8/fast"
/usr/bin/make -f CMakeFiles/cmTC_8fef8.dir/build.make CMakeFiles/cmTC_8fef8.dir/build
make[1]: Entering directory '/home/ben/Programming/porthos-motor-control/bld/CMakeFiles/CMakeTmp'
Building CXX object CMakeFiles/cmTC_8fef8.dir/testCXXCompiler.cxx.obj
/usr/bin/avr-g++      -o CMakeFiles/cmTC_8fef8.dir/testCXXCompiler.cxx.obj -c /home/ben/Programming/porthos-motor-control/bld/CMakeFiles/CMakeTmp/testCXXCompiler.cxx
Linking CXX executable cmTC_8fef8
/usr/bin/cmake -E cmake_link_script CMakeFiles/cmTC_8fef8.dir/link.txt --verbose=1
/usr/bin/avr-g++        CMakeFiles/cmTC_8fef8.dir/testCXXCompiler.cxx.obj  -o cmTC_8fef8 
make[1]: Leaving directory '/home/ben/Programming/porthos-motor-control/bld/CMakeFiles/CMakeTmp'


Detecting CXX compiler ABI info compiled with the following output:
Change Dir: /home/ben/Programming/porthos-motor-control/bld/CMakeFiles/CMakeTmp

Run Build Command:"/usr/bin/make" "cmTC_617da/fast"
/usr/bin/make -f CMakeFiles/cmTC_617da.dir/build.make CMakeFiles/cmTC_617da.dir/build
make[1]: Entering directory '/home/ben/Programming/porthos-motor-control/bld/CMakeFiles/CMakeTmp'
Building CXX object CMakeFiles/cmTC_617da.dir/CMakeCXXCompilerABI.cpp.obj
/usr/bin/avr-g++      -o CMakeFiles/cmTC_617da.dir/CMakeCXXCompilerABI.cpp.obj -c /usr/share/cmake-3.6/Modules/CMakeCXXCompilerABI.cpp
Linking CXX executable cmTC_617da
/usr/bin/cmake -E cmake_link_script CMakeFiles/cmTC_617da.dir/link.txt --verbose=1
/usr/bin/avr-g++       -v CMakeFiles/cmTC_617da.dir/CMakeCXXCompilerABI.cpp.obj  -o cmTC_617da  
Using built-in specs.
Reading specs from /usr/lib/gcc/avr/6.2.0/device-specs/specs-avr2
COLLECT_GCC=/usr/bin/avr-g++
COLLECT_LTO_WRAPPER=/usr/lib/gcc/avr/6.2.0/lto-wrapper
Target: avr
Configured with: /build/avr-gcc/src/gcc-6-20160929/configure --disable-install-libiberty --disable-libssp --disable-libstdcxx-pch --disable-libunwind-exceptions --disable-linker-build-id --disable-nls --disable-werror --disable-__cxa_atexit --enable-checking=release --enable-clocale=gnu --enable-gnu-unique-object --enable-gold --enable-languages=c,c++ --enable-ld=default --enable-lto --enable-plugin --enable-shared --infodir=/usr/share/info --libdir=/usr/lib --libexecdir=/usr/lib --mandir=/usr/share/man --prefix=/usr --target=avr --with-as=/usr/bin/avr-as --with-gnu-as --with-gnu-ld --with-ld=/usr/bin/avr-ld --with-plugin-ld=ld.gold --with-system-zlib --with-isl --enable-gnu-indirect-function
Thread model: single
gcc version 6.2.0 (GCC) 
COMPILER_PATH=/usr/lib/gcc/avr/6.2.0/:/usr/lib/gcc/avr/6.2.0/:/usr/lib/gcc/avr/:/usr/lib/gcc/avr/6.2.0/:/usr/lib/gcc/avr/
LIBRARY_PATH=/usr/lib/gcc/avr/6.2.0/:/usr/lib/gcc/avr/6.2.0/../../../../avr/lib/
COLLECT_GCC_OPTIONS='-v' '-o' 'cmTC_617da' '-specs=device-specs/specs-avr2'
 /usr/lib/gcc/avr/6.2.0/collect2 -plugin /usr/lib/gcc/avr/6.2.0/liblto_plugin.so -plugin-opt=/usr/lib/gcc/avr/6.2.0/lto-wrapper -plugin-opt=-fresolution=/tmp/ccDuduHv.res -plugin-opt=-pass-through=-lgcc -plugin-opt=-pass-through=-lm -plugin-opt=-pass-through=-lc -o cmTC_617da -L/usr/lib/gcc/avr/6.2.0 -L/usr/lib/gcc/avr/6.2.0/../../../../avr/lib CMakeFiles/cmTC_617da.dir/CMakeCXXCompilerABI.cpp.obj -lgcc -lm --start-group -lgcc -lm -lc --end-group
COLLECT_GCC_OPTIONS='-v' '-o' 'cmTC_617da' '-specs=device-specs/specs-avr2'
make[1]: Leaving directory '/home/ben/Programming/porthos-motor-control/bld/CMakeFiles/CMakeTmp'


Parsed CXX implicit link information from above output:
  link line regex: [^( *|.*[/\])(avr-ld|([^/\]+-)?ld|collect2)[^/\]*( |$)]
  ignore line: [Change Dir: /home/ben/Programming/porthos-motor-control/bld/CMakeFiles/CMakeTmp]
  ignore line: []
  ignore line: [Run Build Command:"/usr/bin/make" "cmTC_617da/fast"]
  ignore line: [/usr/bin/make -f CMakeFiles/cmTC_617da.dir/build.make CMakeFiles/cmTC_617da.dir/build]
  ignore line: [make[1]: Entering directory '/home/ben/Programming/porthos-motor-control/bld/CMakeFiles/CMakeTmp']
  ignore line: [Building CXX object CMakeFiles/cmTC_617da.dir/CMakeCXXCompilerABI.cpp.obj]
  ignore line: [/usr/bin/avr-g++      -o CMakeFiles/cmTC_617da.dir/CMakeCXXCompilerABI.cpp.obj -c /usr/share/cmake-3.6/Modules/CMakeCXXCompilerABI.cpp]
  ignore line: [Linking CXX executable cmTC_617da]
  ignore line: [/usr/bin/cmake -E cmake_link_script CMakeFiles/cmTC_617da.dir/link.txt --verbose=1]
  ignore line: [/usr/bin/avr-g++       -v CMakeFiles/cmTC_617da.dir/CMakeCXXCompilerABI.cpp.obj  -o cmTC_617da  ]
  ignore line: [Using built-in specs.]
  ignore line: [Reading specs from /usr/lib/gcc/avr/6.2.0/device-specs/specs-avr2]
  ignore line: [COLLECT_GCC=/usr/bin/avr-g++]
  ignore line: [COLLECT_LTO_WRAPPER=/usr/lib/gcc/avr/6.2.0/lto-wrapper]
  ignore line: [Target: avr]
  ignore line: [Configured with: /build/avr-gcc/src/gcc-6-20160929/configure --disable-install-libiberty --disable-libssp --disable-libstdcxx-pch --disable-libunwind-exceptions --disable-linker-build-id --disable-nls --disable-werror --disable-__cxa_atexit --enable-checking=release --enable-clocale=gnu --enable-gnu-unique-object --enable-gold --enable-languages=c,c++ --enable-ld=default --enable-lto --enable-plugin --enable-shared --infodir=/usr/share/info --libdir=/usr/lib --libexecdir=/usr/lib --mandir=/usr/share/man --prefix=/usr --target=avr --with-as=/usr/bin/avr-as --with-gnu-as --with-gnu-ld --with-ld=/usr/bin/avr-ld --with-plugin-ld=ld.gold --with-system-zlib --with-isl --enable-gnu-indirect-function]
  ignore line: [Thread model: single]
  ignore line: [gcc version 6.2.0 (GCC) ]
  ignore line: [COMPILER_PATH=/usr/lib/gcc/avr/6.2.0/:/usr/lib/gcc/avr/6.2.0/:/usr/lib/gcc/avr/:/usr/lib/gcc/avr/6.2.0/:/usr/lib/gcc/avr/]
  ignore line: [LIBRARY_PATH=/usr/lib/gcc/avr/6.2.0/:/usr/lib/gcc/avr/6.2.0/../../../../avr/lib/]
  ignore line: [COLLECT_GCC_OPTIONS='-v' '-o' 'cmTC_617da' '-specs=device-specs/specs-avr2']
  link line: [ /usr/lib/gcc/avr/6.2.0/collect2 -plugin /usr/lib/gcc/avr/6.2.0/liblto_plugin.so -plugin-opt=/usr/lib/gcc/avr/6.2.0/lto-wrapper -plugin-opt=-fresolution=/tmp/ccDuduHv.res -plugin-opt=-pass-through=-lgcc -plugin-opt=-pass-through=-lm -plugin-opt=-pass-through=-lc -o cmTC_617da -L/usr/lib/gcc/avr/6.2.0 -L/usr/lib/gcc/avr/6.2.0/../../../../avr/lib CMakeFiles/cmTC_617da.dir/CMakeCXXCompilerABI.cpp.obj -lgcc -lm --start-group -lgcc -lm -lc --end-group]
    arg [/usr/lib/gcc/avr/6.2.0/collect2] ==> ignore
    arg [-plugin] ==> ignore
    arg [/usr/lib/gcc/avr/6.2.0/liblto_plugin.so] ==> ignore
    arg [-plugin-opt=/usr/lib/gcc/avr/6.2.0/lto-wrapper] ==> ignore
    arg [-plugin-opt=-fresolution=/tmp/ccDuduHv.res] ==> ignore
    arg [-plugin-opt=-pass-through=-lgcc] ==> ignore
    arg [-plugin-opt=-pass-through=-lm] ==> ignore
    arg [-plugin-opt=-pass-through=-lc] ==> ignore
    arg [-o] ==> ignore
    arg [cmTC_617da] ==> ignore
    arg [-L/usr/lib/gcc/avr/6.2.0] ==> dir [/usr/lib/gcc/avr/6.2.0]
    arg [-L/usr/lib/gcc/avr/6.2.0/../../../../avr/lib] ==> dir [/usr/lib/gcc/avr/6.2.0/../../../../avr/lib]
    arg [CMakeFiles/cmTC_617da.dir/CMakeCXXCompilerABI.cpp.obj] ==> ignore
    arg [-lgcc] ==> lib [gcc]
    arg [-lm] ==> lib [m]
    arg [--start-group] ==> ignore
    arg [-lgcc] ==> lib [gcc]
    arg [-lm] ==> lib [m]
    arg [-lc] ==> lib [c]
    arg [--end-group] ==> ignore
  remove lib [gcc]
  remove lib [gcc]
  collapse library dir [/usr/lib/gcc/avr/6.2.0] ==> [/usr/lib/gcc/avr/6.2.0]
  collapse library dir [/usr/lib/gcc/avr/6.2.0/../../../../avr/lib] ==> [/usr/avr/lib]
  implicit libs: [m;m;c]
  implicit dirs: [/usr/lib/gcc/avr/6.2.0;/usr/avr/lib]
  implicit fwks: []




Detecting CXX [-std=c++14] compiler features compiled with the following output:
Change Dir: /home/ben/Programming/porthos-motor-control/bld/CMakeFiles/CMakeTmp

Run Build Command:"/usr/bin/make" "cmTC_869e2/fast"
/usr/bin/make -f CMakeFiles/cmTC_869e2.dir/build.make CMakeFiles/cmTC_869e2.dir/build
make[1]: Entering directory '/home/ben/Programming/porthos-motor-control/bld/CMakeFiles/CMakeTmp'
Building CXX object CMakeFiles/cmTC_869e2.dir/feature_tests.cxx.obj
/usr/bin/avr-g++     -std=c++14 -o CMakeFiles/cmTC_869e2.dir/feature_tests.cxx.obj -c /home/ben/Programming/porthos-motor-control/bld/CMakeFiles/feature_tests.cxx
Linking CXX executable cmTC_869e2
/usr/bin/cmake -E cmake_link_script CMakeFiles/cmTC_869e2.dir/link.txt --verbose=1
/usr/bin/avr-g++        CMakeFiles/cmTC_869e2.dir/feature_tests.cxx.obj  -o cmTC_869e2 
make[1]: Leaving directory '/home/ben/Programming/porthos-motor-control/bld/CMakeFiles/CMakeTmp'


    Feature record: CXX_FEATURE:1cxx_aggregate_default_initializers
    Feature record: CXX_FEATURE:1cxx_alias_templates
    Feature record: CXX_FEATURE:1cxx_alignas
    Feature record: CXX_FEATURE:1cxx_alignof
    Feature record: CXX_FEATURE:1cxx_attributes
    Feature record: CXX_FEATURE:1cxx_attribute_deprecated
    Feature record: CXX_FEATURE:1cxx_auto_type
    Feature record: CXX_FEATURE:1cxx_binary_literals
    Feature record: CXX_FEATURE:1cxx_constexpr
    Feature record: CXX_FEATURE:1cxx_contextual_conversions
    Feature record: CXX_FEATURE:1cxx_decltype
    Feature record: CXX_FEATURE:1cxx_decltype_auto
    Feature record: CXX_FEATURE:1cxx_decltype_incomplete_return_types
    Feature record: CXX_FEATURE:1cxx_default_function_template_args
    Feature record: CXX_FEATURE:1cxx_defaulted_functions
    Feature record: CXX_FEATURE:1cxx_defaulted_move_initializers
    Feature record: CXX_FEATURE:1cxx_delegating_constructors
    Feature record: CXX_FEATURE:1cxx_deleted_functions
    Feature record: CXX_FEATURE:1cxx_digit_separators
    Feature record: CXX_FEATURE:1cxx_enum_forward_declarations
    Feature record: CXX_FEATURE:1cxx_explicit_conversions
    Feature record: CXX_FEATURE:1cxx_extended_friend_declarations
    Feature record: CXX_FEATURE:1cxx_extern_templates
    Feature record: CXX_FEATURE:1cxx_final
    Feature record: CXX_FEATURE:1cxx_func_identifier
    Feature record: CXX_FEATURE:1cxx_generalized_initializers
    Feature record: CXX_FEATURE:1cxx_generic_lambdas
    Feature record: CXX_FEATURE:1cxx_inheriting_constructors
    Feature record: CXX_FEATURE:1cxx_inline_namespaces
    Feature record: CXX_FEATURE:1cxx_lambdas
    Feature record: CXX_FEATURE:1cxx_lambda_init_captures
    Feature record: CXX_FEATURE:1cxx_local_type_template_args
    Feature record: CXX_FEATURE:1cxx_long_long_type
    Feature record: CXX_FEATURE:1cxx_noexcept
    Feature record: CXX_FEATURE:1cxx_nonstatic_member_init
    Feature record: CXX_FEATURE:1cxx_nullptr
    Feature record: CXX_FEATURE:1cxx_override
    Feature record: CXX_FEATURE:1cxx_range_for
    Feature record: CXX_FEATURE:1cxx_raw_string_literals
    Feature record: CXX_FEATURE:1cxx_reference_qualified_functions
    Feature record: CXX_FEATURE:1cxx_relaxed_constexpr
    Feature record: CXX_FEATURE:1cxx_return_type_deduction
    Feature record: CXX_FEATURE:1cxx_right_angle_brackets
    Feature record: CXX_FEATURE:1cxx_rvalue_references
    Feature record: CXX_FEATURE:1cxx_sizeof_member
    Feature record: CXX_FEATURE:1cxx_static_assert
    Feature record: CXX_FEATURE:1cxx_strong_enums
    Feature record: CXX_FEATURE:1cxx_template_template_parameters
    Feature record: CXX_FEATURE:1cxx_thread_local
    Feature record: CXX_FEATURE:1cxx_trailing_return_types
    Feature record: CXX_FEATURE:1cxx_unicode_literals
    Feature record: CXX_FEATURE:1cxx_uniform_initialization
    Feature record: CXX_FEATURE:1cxx_unrestricted_unions
    Feature record: CXX_FEATURE:1cxx_user_literals
    Feature record: CXX_FEATURE:1cxx_variable_templates
    Feature record: CXX_FEATURE:1cxx_variadic_macros
    Feature record: CXX_FEATURE:1cxx_variadic_templates


Detecting CXX [-std=c++11] compiler features compiled with the following output:
Change Dir: /home/ben/Programming/porthos-motor-control/bld/CMakeFiles/CMakeTmp

Run Build Command:"/usr/bin/make" "cmTC_eb20a/fast"
/usr/bin/make -f CMakeFiles/cmTC_eb20a.dir/build.make CMakeFiles/cmTC_eb20a.dir/build
make[1]: Entering directory '/home/ben/Programming/porthos-motor-control/bld/CMakeFiles/CMakeTmp'
Building CXX object CMakeFiles/cmTC_eb20a.dir/feature_tests.cxx.obj
/usr/bin/avr-g++     -std=c++11 -o CMakeFiles/cmTC_eb20a.dir/feature_tests.cxx.obj -c /home/ben/Programming/porthos-motor-control/bld/CMakeFiles/feature_tests.cxx
Linking CXX executable cmTC_eb20a
/usr/bin/cmake -E cmake_link_script CMakeFiles/cmTC_eb20a.dir/link.txt --verbose=1
/usr/bin/avr-g++        CMakeFiles/cmTC_eb20a.dir/feature_tests.cxx.obj  -o cmTC_eb20a 
make[1]: Leaving directory '/home/ben/Programming/porthos-motor-control/bld/CMakeFiles/CMakeTmp'


    Feature record: CXX_FEATURE:0cxx_aggregate_default_initializers
    Feature record: CXX_FEATURE:1cxx_alias_templates
    Feature record: CXX_FEATURE:1cxx_alignas
    Feature record: CXX_FEATURE:1cxx_alignof
    Feature record: CXX_FEATURE:1cxx_attributes
    Feature record: CXX_FEATURE:0cxx_attribute_deprecated
    Feature record: CXX_FEATURE:1cxx_auto_type
    Feature record: CXX_FEATURE:0cxx_binary_literals
    Feature record: CXX_FEATURE:1cxx_constexpr
    Feature record: CXX_FEATURE:0cxx_contextual_conversions
    Feature record: CXX_FEATURE:1cxx_decltype
    Feature record: CXX_FEATURE:0cxx_decltype_auto
    Feature record: CXX_FEATURE:1cxx_decltype_incomplete_return_types
    Feature record: CXX_FEATURE:1cxx_default_function_template_args
    Feature record: CXX_FEATURE:1cxx_defaulted_functions
    Feature record: CXX_FEATURE:1cxx_defaulted_move_initializers
    Feature record: CXX_FEATURE:1cxx_delegating_constructors
    Feature record: CXX_FEATURE:1cxx_deleted_functions
    Feature record: CXX_FEATURE:0cxx_digit_separators
    Feature record: CXX_FEATURE:1cxx_enum_forward_declarations
    Feature record: CXX_FEATURE:1cxx_explicit_conversions
    Feature record: CXX_FEATURE:1cxx_extended_friend_declarations
    Feature record: CXX_FEATURE:1cxx_extern_templates
    Feature record: CXX_FEATURE:1cxx_final
    Feature record: CXX_FEATURE:1cxx_func_identifier
    Feature record: CXX_FEATURE:1cxx_generalized_initializers
    Feature record: CXX_FEATURE:0cxx_generic_lambdas
    Feature record: CXX_FEATURE:1cxx_inheriting_constructors
    Feature record: CXX_FEATURE:1cxx_inline_namespaces
    Feature record: CXX_FEATURE:1cxx_lambdas
    Feature record: CXX_FEATURE:0cxx_lambda_init_captures
    Feature record: CXX_FEATURE:1cxx_local_type_template_args
    Feature record: CXX_FEATURE:1cxx_long_long_type
    Feature record: CXX_FEATURE:1cxx_noexcept
    Feature record: CXX_FEATURE:1cxx_nonstatic_member_init
    Feature record: CXX_FEATURE:1cxx_nullptr
    Feature record: CXX_FEATURE:1cxx_override
    Feature record: CXX_FEATURE:1cxx_range_for
    Feature record: CXX_FEATURE:1cxx_raw_string_literals
    Feature record: CXX_FEATURE:1cxx_reference_qualified_functions
    Feature record: CXX_FEATURE:0cxx_relaxed_constexpr
    Feature record: CXX_FEATURE:0cxx_return_type_deduction
    Feature record: CXX_FEATURE:1cxx_right_angle_brackets
    Feature record: CXX_FEATURE:1cxx_rvalue_references
    Feature record: CXX_FEATURE:1cxx_sizeof_member
    Feature record: CXX_FEATURE:1cxx_static_assert
    Feature record: CXX_FEATURE:1cxx_strong_enums
    Feature record: CXX_FEATURE:1cxx_template_template_parameters
    Feature record: CXX_FEATURE:1cxx_thread_local
    Feature record: CXX_FEATURE:1cxx_trailing_return_types
    Feature record: CXX_FEATURE:1cxx_unicode_literals
    Feature record: CXX_FEATURE:1cxx_uniform_initialization
    Feature record: CXX_FEATURE:1cxx_unrestricted_unions
    Feature record: CXX_FEATURE:1cxx_user_literals
    Feature record: CXX_FEATURE:0cxx_variable_templates
    Feature record: CXX_FEATURE:1cxx_variadic_macros
    Feature record: CXX_FEATURE:1cxx_variadic_templates


Detecting CXX [-std=c++98] compiler features compiled with the following output:
Change Dir: /home/ben/Programming/porthos-motor-control/bld/CMakeFiles/CMakeTmp

Run Build Command:"/usr/bin/make" "cmTC_2457b/fast"
/usr/bin/make -f CMakeFiles/cmTC_2457b.dir/build.make CMakeFiles/cmTC_2457b.dir/build
make[1]: Entering directory '/home/ben/Programming/porthos-motor-control/bld/CMakeFiles/CMakeTmp'
Building CXX object CMakeFiles/cmTC_2457b.dir/feature_tests.cxx.obj
/usr/bin/avr-g++     -std=c++98 -o CMakeFiles/cmTC_2457b.dir/feature_tests.cxx.obj -c /home/ben/Programming/porthos-motor-control/bld/CMakeFiles/feature_tests.cxx
Linking CXX executable cmTC_2457b
/usr/bin/cmake -E cmake_link_script CMakeFiles/cmTC_2457b.dir/link.txt --verbose=1
/usr/bin/avr-g++        CMakeFiles/cmTC_2457b.dir/feature_tests.cxx.obj  -o cmTC_2457b 
make[1]: Leaving directory '/home/ben/Programming/porthos-motor-control/bld/CMakeFiles/CMakeTmp'


    Feature record: CXX_FEATURE:0cxx_aggregate_default_initializers
    Feature record: CXX_FEATURE:0cxx_alias_templates
    Feature record: CXX_FEATURE:0cxx_alignas
    Feature record: CXX_FEATURE:0cxx_alignof
    Feature record: CXX_FEATURE:0cxx_attributes
    Feature record: CXX_FEATURE:0cxx_attribute_deprecated
    Feature record: CXX_FEATURE:0cxx_auto_type
    Feature record: CXX_FEATURE:0cxx_binary_literals
    Feature record: CXX_FEATURE:0cxx_constexpr
    Feature record: CXX_FEATURE:0cxx_contextual_conversions
    Feature record: CXX_FEATURE:0cxx_decltype
    Feature record: CXX_FEATURE:0cxx_decltype_auto
    Feature record: CXX_FEATURE:0cxx_decltype_incomplete_return_types
    Feature record: CXX_FEATURE:0cxx_default_function_template_args
    Feature record: CXX_FEATURE:0cxx_defaulted_functions
    Feature record: CXX_FEATURE:0cxx_defaulted_move_initializers
    Feature record: CXX_FEATURE:0cxx_delegating_constructors
    Feature record: CXX_FEATURE:0cxx_deleted_functions
    Feature record: CXX_FEATURE:0cxx_digit_separators
    Feature record: CXX_FEATURE:0cxx_enum_forward_declarations
    Feature record: CXX_FEATURE:0cxx_explicit_conversions
    Feature record: CXX_FEATURE:0cxx_extended_friend_declarations
    Feature record: CXX_FEATURE:0cxx_extern_templates
    Feature record: CXX_FEATURE:0cxx_final
    Feature record: CXX_FEATURE:0cxx_func_identifier
    Feature record: CXX_FEATURE:0cxx_generalized_initializers
    Feature record: CXX_FEATURE:0cxx_generic_lambdas
    Feature record: CXX_FEATURE:0cxx_inheriting_constructors
    Feature record: CXX_FEATURE:0cxx_inline_namespaces
    Feature record: CXX_FEATURE:0cxx_lambdas
    Feature record: CXX_FEATURE:0cxx_lambda_init_captures
    Feature record: CXX_FEATURE:0cxx_local_type_template_args
    Feature record: CXX_FEATURE:0cxx_long_long_type
    Feature record: CXX_FEATURE:0cxx_noexcept
    Feature record: CXX_FEATURE:0cxx_nonstatic_member_init
    Feature record: CXX_FEATURE:0cxx_nullptr
    Feature record: CXX_FEATURE:0cxx_override
    Feature record: CXX_FEATURE:0cxx_range_for
    Feature record: CXX_FEATURE:0cxx_raw_string_literals
    Feature record: CXX_FEATURE:0cxx_reference_qualified_functions
    Feature record: CXX_FEATURE:0cxx_relaxed_constexpr
    Feature record: CXX_FEATURE:0cxx_return_type_deduction
    Feature record: CXX_FEATURE:0cxx_right_angle_brackets
    Feature record: CXX_FEATURE:0cxx_rvalue_references
    Feature record: CXX_FEATURE:0cxx_sizeof_member
    Feature record: CXX_FEATURE:0cxx_static_assert
    Feature record: CXX_FEATURE:0cxx_strong_enums
    Feature record: CXX_FEATURE:1cxx_template_template_parameters
    Feature record: CXX_FEATURE:0cxx_thread_local
    Feature record: CXX_FEATURE:0cxx_trailing_return_types
    Feature record: CXX_FEATURE:0cxx_unicode_literals
    Feature record: CXX_FEATURE:0cxx_uniform_initialization
    Feature record: CXX_FEATURE:0cxx_unrestricted_unions
    Feature record: CXX_FEATURE:0cxx_user_literals
    Feature record: CXX_FEATURE:0cxx_variable_templates
    Feature record: CXX_FEATURE:0cxx_variadic_macros
    Feature record: CXX_FEATURE:0cxx_variadic_templates
